[2022-07-02T19:19:59.463] [WARN] default - Ruta: /favicon.ico - Metodo: GET - /favicon.ico no implementada
[2022-07-02T19:20:04.675] [WARN] default - Ruta: /favicon.ico - Metodo: GET - /favicon.ico no implementada
[2022-07-02T19:20:05.035] [WARN] default - Ruta: /www.facebook.com - Metodo: GET - /www.facebook.com no implementada
[2022-07-02T19:20:05.047] [WARN] default - Ruta: /www.instagram.com - Metodo: GET - /www.instagram.com no implementada
[2022-07-02T19:20:05.856] [WARN] default - Ruta: /lkj; - Metodo: GET - /lkj; no implementada
[2022-07-02T19:20:05.859] [WARN] default - Ruta: /1 - Metodo: GET - /1 no implementada
[2022-07-02T19:20:07.058] [WARN] default - Ruta: /www.google.com - Metodo: GET - /www.google.com no implementada
[2022-07-02T19:24:25.296] [WARN] default - Ruta: /favicon.ico - Metodo: GET - /favicon.ico no implementada
[2022-07-02T19:24:30.656] [WARN] default - Ruta: /favicon.ico - Metodo: GET - /favicon.ico no implementada
[2022-07-02T19:24:31.020] [WARN] default - Ruta: /www.facebook.com - Metodo: GET - /www.facebook.com no implementada
[2022-07-02T19:24:31.026] [WARN] default - Ruta: /www.instagram.com - Metodo: GET - /www.instagram.com no implementada
[2022-07-02T19:24:31.840] [WARN] default - Ruta: /1 - Metodo: GET - /1 no implementada
[2022-07-02T19:24:31.850] [WARN] default - Ruta: /www.google.com - Metodo: GET - /www.google.com no implementada
[2022-07-02T19:24:31.852] [WARN] default - Ruta: /lkj; - Metodo: GET - /lkj; no implementada
[2022-07-02T19:24:34.387] [WARN] default - Ruta: /favicon.ico - Metodo: GET - /favicon.ico no implementada
[2022-07-02T19:25:20.499] [WARN] default - Ruta: /favicon.ico - Metodo: GET - /favicon.ico no implementada
[2022-07-02T19:26:22.995] [WARN] default - Ruta: /favicon.ico - Metodo: GET - /favicon.ico no implementada
[2022-07-02T19:26:32.374] [WARN] default - Ruta: /favicon.ico - Metodo: GET - /favicon.ico no implementada
[2022-07-02T19:26:37.731] [WARN] default - Ruta: /favicon.ico - Metodo: GET - /favicon.ico no implementada
[2022-07-02T19:26:38.086] [WARN] default - Ruta: /www.facebook.com - Metodo: GET - /www.facebook.com no implementada
[2022-07-02T19:26:38.090] [WARN] default - Ruta: /www.instagram.com - Metodo: GET - /www.instagram.com no implementada
[2022-07-02T19:26:38.890] [WARN] default - Ruta: /www.google.com - Metodo: GET - /www.google.com no implementada
[2022-07-02T19:26:38.898] [WARN] default - Ruta: /1 - Metodo: GET - /1 no implementada
[2022-07-02T19:26:38.900] [WARN] default - Ruta: /lkj; - Metodo: GET - /lkj; no implementada
[2022-07-02T19:26:42.263] [WARN] default - Ruta: /favicon.ico - Metodo: GET - /favicon.ico no implementada
[2022-07-02T19:26:52.552] [WARN] default - Ruta: /favicon.ico - Metodo: GET - /favicon.ico no implementada
[2022-07-09T17:11:31.460] [WARN] default - Ruta: /favicon.ico - Metodo: GET - /favicon.ico no implementada
[2022-07-09T17:11:37.212] [WARN] default - Ruta: /favicon.ico - Metodo: GET - /favicon.ico no implementada
[2022-07-09T17:11:37.557] [WARN] default - Ruta: /www.facebook.com - Metodo: GET - /www.facebook.com no implementada
[2022-07-09T17:11:37.716] [WARN] default - Ruta: /www.google.com - Metodo: GET - /www.google.com no implementada
[2022-07-09T17:11:38.380] [WARN] default - Ruta: /www.instagram.com - Metodo: GET - /www.instagram.com no implementada
[2022-07-09T17:11:38.386] [WARN] default - Ruta: /lkj; - Metodo: GET - /lkj; no implementada
[2022-07-09T17:11:38.392] [WARN] default - Ruta: /1 - Metodo: GET - /1 no implementada
[2022-07-09T17:56:54.890] [WARN] default - Ruta: /www.facebook.com - Metodo: GET - /www.facebook.com no implementada
[2022-07-09T17:56:54.894] [WARN] default - Ruta: /www.instagram.com - Metodo: GET - /www.instagram.com no implementada
[2022-07-09T17:56:54.897] [WARN] default - Ruta: /www.google.com - Metodo: GET - /www.google.com no implementada
[2022-07-09T17:57:03.176] [WARN] default - Ruta: /www.facebook.com - Metodo: GET - /www.facebook.com no implementada
[2022-07-09T17:57:03.179] [WARN] default - Ruta: /www.instagram.com - Metodo: GET - /www.instagram.com no implementada
[2022-07-09T17:57:03.180] [WARN] default - Ruta: /www.google.com - Metodo: GET - /www.google.com no implementada
[2022-07-09T18:06:59.729] [WARN] default - Ruta: /favicon.ico - Metodo: GET - /favicon.ico no implementada
[2022-07-09T18:07:04.987] [WARN] default - Ruta: /1 - Metodo: GET - /1 no implementada
[2022-07-09T18:07:04.994] [WARN] default - Ruta: /lkj; - Metodo: GET - /lkj; no implementada
[2022-07-09T18:07:05.455] [WARN] default - Ruta: /favicon.ico - Metodo: GET - /favicon.ico no implementada
[2022-07-09T18:07:17.948] [WARN] default - Ruta: /www.facebook.com - Metodo: GET - /www.facebook.com no implementada
[2022-07-09T18:07:17.950] [WARN] default - Ruta: /www.facebook.com - Metodo: GET - /www.facebook.com no implementada
[2022-07-09T18:07:22.305] [WARN] default - Ruta: /favicon.ico - Metodo: GET - /favicon.ico no implementada
[2022-07-09T18:07:26.556] [WARN] default - Ruta: /favicon.ico - Metodo: GET - /favicon.ico no implementada
[2022-07-09T18:07:26.911] [WARN] default - Ruta: /www.facebook.com - Metodo: GET - /www.facebook.com no implementada
[2022-07-09T18:07:26.914] [WARN] default - Ruta: /lkj; - Metodo: GET - /lkj; no implementada
[2022-07-09T18:07:26.923] [WARN] default - Ruta: /1 - Metodo: GET - /1 no implementada
[2022-07-09T18:07:55.964] [WARN] default - Ruta: /www.facebook.com - Metodo: GET - /www.facebook.com no implementada
[2022-07-09T18:07:55.965] [WARN] default - Ruta: /www.instagram.com - Metodo: GET - /www.instagram.com no implementada
[2022-07-09T18:07:55.967] [WARN] default - Ruta: /www.facebook.com - Metodo: GET - /www.facebook.com no implementada
[2022-07-09T18:07:55.970] [WARN] default - Ruta: /www.instagram.com - Metodo: GET - /www.instagram.com no implementada
[2022-07-09T18:07:55.971] [WARN] default - Ruta: /www.facebook.com - Metodo: GET - /www.facebook.com no implementada
[2022-07-09T18:07:55.974] [WARN] default - Ruta: /www.instagram.com - Metodo: GET - /www.instagram.com no implementada
[2022-07-09T18:08:14.013] [WARN] default - Ruta: /favicon.ico - Metodo: GET - /favicon.ico no implementada
[2022-07-09T18:08:18.099] [WARN] default - Ruta: /favicon.ico - Metodo: GET - /favicon.ico no implementada
[2022-07-09T18:08:18.445] [WARN] default - Ruta: /1 - Metodo: GET - /1 no implementada
[2022-07-09T18:08:18.446] [WARN] default - Ruta: /lkj; - Metodo: GET - /lkj; no implementada
[2022-07-09T18:08:18.449] [WARN] default - Ruta: /www.facebook.com - Metodo: GET - /www.facebook.com no implementada
[2022-07-09T18:08:19.316] [WARN] default - Ruta: /www.instagram.com - Metodo: GET - /www.instagram.com no implementada
[2022-07-09T18:08:26.801] [WARN] default - Ruta: /favicon.ico - Metodo: GET - /favicon.ico no implementada
[2022-07-09T18:08:27.144] [WARN] default - Ruta: /www.facebook.com - Metodo: GET - /www.facebook.com no implementada
[2022-07-09T18:08:27.146] [WARN] default - Ruta: /www.instagram.com - Metodo: GET - /www.instagram.com no implementada
[2022-07-09T18:08:27.147] [WARN] default - Ruta: /1 - Metodo: GET - /1 no implementada
[2022-07-09T18:08:27.156] [WARN] default - Ruta: /lkj; - Metodo: GET - /lkj; no implementada
[2022-07-09T18:11:28.381] [WARN] default - Ruta: /1 - Metodo: GET - /1 no implementada
[2022-07-09T18:11:28.384] [WARN] default - Ruta: /lkj; - Metodo: GET - /lkj; no implementada
[2022-07-09T18:11:30.528] [WARN] default - Ruta: /favicon.ico - Metodo: GET - /favicon.ico no implementada
[2022-07-09T18:11:35.631] [WARN] default - Ruta: /favicon.ico - Metodo: GET - /favicon.ico no implementada
[2022-07-09T18:11:36.799] [WARN] default - Ruta: /1 - Metodo: GET - /1 no implementada
[2022-07-09T18:11:36.802] [WARN] default - Ruta: /lkj; - Metodo: GET - /lkj; no implementada
[2022-07-09T18:11:43.910] [WARN] default - Ruta: /www.facebook.com - Metodo: GET - /www.facebook.com no implementada
[2022-07-09T18:11:44.089] [WARN] default - Ruta: /www.facebook.com - Metodo: GET - /www.facebook.com no implementada
[2022-07-09T18:13:27.715] [WARN] default - Ruta: /favicon.ico - Metodo: GET - /favicon.ico no implementada
[2022-07-09T18:13:32.365] [WARN] default - Ruta: /favicon.ico - Metodo: GET - /favicon.ico no implementada
[2022-07-09T18:13:33.524] [WARN] default - Ruta: /1 - Metodo: GET - /1 no implementada
[2022-07-09T18:13:33.531] [WARN] default - Ruta: /lkj; - Metodo: GET - /lkj; no implementada
[2022-07-09T18:13:41.001] [WARN] default - Ruta: /www.facebook.com - Metodo: GET - /www.facebook.com no implementada
[2022-07-09T18:13:58.790] [WARN] default - Ruta: /favicon.ico - Metodo: GET - /favicon.ico no implementada
[2022-07-09T18:14:02.481] [WARN] default - Ruta: /favicon.ico - Metodo: GET - /favicon.ico no implementada
[2022-07-09T18:14:02.820] [WARN] default - Ruta: /www.facebook.com - Metodo: GET - /www.facebook.com no implementada
[2022-07-09T18:14:02.823] [WARN] default - Ruta: /lkj; - Metodo: GET - /lkj; no implementada
[2022-07-09T18:14:02.827] [WARN] default - Ruta: /1 - Metodo: GET - /1 no implementada
[2022-07-09T18:14:13.001] [WARN] default - Ruta: /www.facebook.com - Metodo: GET - /www.facebook.com no implementada
[2022-07-09T18:14:13.002] [WARN] default - Ruta: /www.twitter.com - Metodo: GET - /www.twitter.com no implementada
[2022-07-09T18:14:13.004] [WARN] default - Ruta: /www.facebook.com - Metodo: GET - /www.facebook.com no implementada
[2022-07-09T18:14:13.005] [WARN] default - Ruta: /www.twitter.com - Metodo: GET - /www.twitter.com no implementada
[2022-07-09T18:18:44.915] [WARN] default - Ruta: /favicon.ico - Metodo: GET - /favicon.ico no implementada
[2022-07-09T18:18:49.679] [WARN] default - Ruta: /favicon.ico - Metodo: GET - /favicon.ico no implementada
[2022-07-09T18:18:50.045] [WARN] default - Ruta: /www.twitter.com - Metodo: GET - /www.twitter.com no implementada
[2022-07-09T18:18:50.053] [WARN] default - Ruta: /www.facebook.com - Metodo: GET - /www.facebook.com no implementada
[2022-07-09T18:18:50.786] [WARN] default - Ruta: /1 - Metodo: GET - /1 no implementada
[2022-07-09T18:18:50.794] [WARN] default - Ruta: /lkj; - Metodo: GET - /lkj; no implementada
[2022-07-09T18:18:53.987] [WARN] default - Ruta: /favicon.ico - Metodo: GET - /favicon.ico no implementada
[2022-07-09T18:57:01.874] [WARN] default - Ruta: /favicon.ico - Metodo: GET - /favicon.ico no implementada
[2022-07-09T18:57:04.838] [WARN] default - Ruta: /favicon.ico - Metodo: GET - /favicon.ico no implementada
[2022-07-09T18:57:24.832] [WARN] default - Ruta: /favicon.ico - Metodo: GET - /favicon.ico no implementada
[2022-07-09T18:57:32.830] [WARN] default - Ruta: /favicon.ico - Metodo: GET - /favicon.ico no implementada
[2022-07-09T18:57:34.184] [WARN] default - Ruta: /1 - Metodo: GET - /1 no implementada
[2022-07-09T18:57:34.189] [WARN] default - Ruta: /lkj; - Metodo: GET - /lkj; no implementada
[2022-07-09T18:57:35.010] [WARN] default - Ruta: /www.twitter.com - Metodo: GET - /www.twitter.com no implementada
[2022-07-09T18:57:35.015] [WARN] default - Ruta: /www.facebook.com - Metodo: GET - /www.facebook.com no implementada
[2022-07-09T18:57:37.447] [WARN] default - Ruta: /favicon.ico - Metodo: GET - /favicon.ico no implementada
[2022-07-09T18:57:41.561] [WARN] default - Ruta: /favicon.ico - Metodo: GET - /favicon.ico no implementada
[2022-07-09T18:57:42.062] [WARN] default - Ruta: /www.twitter.com - Metodo: GET - /www.twitter.com no implementada
[2022-07-09T18:57:42.064] [WARN] default - Ruta: /www.facebook.com - Metodo: GET - /www.facebook.com no implementada
[2022-07-09T18:57:42.066] [WARN] default - Ruta: /1 - Metodo: GET - /1 no implementada
[2022-07-09T18:57:42.888] [WARN] default - Ruta: /lkj; - Metodo: GET - /lkj; no implementada
