[2022-07-02T19:19:59.463] [WARN] default - Ruta: /favicon.ico - Metodo: GET - /favicon.ico no implementada
[2022-07-02T19:20:04.675] [WARN] default - Ruta: /favicon.ico - Metodo: GET - /favicon.ico no implementada
[2022-07-02T19:20:05.035] [WARN] default - Ruta: /www.facebook.com - Metodo: GET - /www.facebook.com no implementada
[2022-07-02T19:20:05.047] [WARN] default - Ruta: /www.instagram.com - Metodo: GET - /www.instagram.com no implementada
[2022-07-02T19:20:05.856] [WARN] default - Ruta: /lkj; - Metodo: GET - /lkj; no implementada
[2022-07-02T19:20:05.859] [WARN] default - Ruta: /1 - Metodo: GET - /1 no implementada
[2022-07-02T19:20:07.058] [WARN] default - Ruta: /www.google.com - Metodo: GET - /www.google.com no implementada
[2022-07-02T19:24:25.296] [WARN] default - Ruta: /favicon.ico - Metodo: GET - /favicon.ico no implementada
[2022-07-02T19:24:30.656] [WARN] default - Ruta: /favicon.ico - Metodo: GET - /favicon.ico no implementada
[2022-07-02T19:24:31.020] [WARN] default - Ruta: /www.facebook.com - Metodo: GET - /www.facebook.com no implementada
[2022-07-02T19:24:31.026] [WARN] default - Ruta: /www.instagram.com - Metodo: GET - /www.instagram.com no implementada
[2022-07-02T19:24:31.840] [WARN] default - Ruta: /1 - Metodo: GET - /1 no implementada
[2022-07-02T19:24:31.850] [WARN] default - Ruta: /www.google.com - Metodo: GET - /www.google.com no implementada
[2022-07-02T19:24:31.852] [WARN] default - Ruta: /lkj; - Metodo: GET - /lkj; no implementada
[2022-07-02T19:24:34.387] [WARN] default - Ruta: /favicon.ico - Metodo: GET - /favicon.ico no implementada
[2022-07-02T19:25:20.499] [WARN] default - Ruta: /favicon.ico - Metodo: GET - /favicon.ico no implementada
[2022-07-02T19:26:22.995] [WARN] default - Ruta: /favicon.ico - Metodo: GET - /favicon.ico no implementada
[2022-07-02T19:26:32.374] [WARN] default - Ruta: /favicon.ico - Metodo: GET - /favicon.ico no implementada
[2022-07-02T19:26:37.731] [WARN] default - Ruta: /favicon.ico - Metodo: GET - /favicon.ico no implementada
[2022-07-02T19:26:38.086] [WARN] default - Ruta: /www.facebook.com - Metodo: GET - /www.facebook.com no implementada
[2022-07-02T19:26:38.090] [WARN] default - Ruta: /www.instagram.com - Metodo: GET - /www.instagram.com no implementada
[2022-07-02T19:26:38.890] [WARN] default - Ruta: /www.google.com - Metodo: GET - /www.google.com no implementada
[2022-07-02T19:26:38.898] [WARN] default - Ruta: /1 - Metodo: GET - /1 no implementada
[2022-07-02T19:26:38.900] [WARN] default - Ruta: /lkj; - Metodo: GET - /lkj; no implementada
[2022-07-02T19:26:42.263] [WARN] default - Ruta: /favicon.ico - Metodo: GET - /favicon.ico no implementada
[2022-07-02T19:26:52.552] [WARN] default - Ruta: /favicon.ico - Metodo: GET - /favicon.ico no implementada
[2022-07-09T17:11:31.460] [WARN] default - Ruta: /favicon.ico - Metodo: GET - /favicon.ico no implementada
[2022-07-09T17:11:37.212] [WARN] default - Ruta: /favicon.ico - Metodo: GET - /favicon.ico no implementada
[2022-07-09T17:11:37.557] [WARN] default - Ruta: /www.facebook.com - Metodo: GET - /www.facebook.com no implementada
[2022-07-09T17:11:37.716] [WARN] default - Ruta: /www.google.com - Metodo: GET - /www.google.com no implementada
[2022-07-09T17:11:38.380] [WARN] default - Ruta: /www.instagram.com - Metodo: GET - /www.instagram.com no implementada
[2022-07-09T17:11:38.386] [WARN] default - Ruta: /lkj; - Metodo: GET - /lkj; no implementada
[2022-07-09T17:11:38.392] [WARN] default - Ruta: /1 - Metodo: GET - /1 no implementada
[2022-07-09T17:56:54.890] [WARN] default - Ruta: /www.facebook.com - Metodo: GET - /www.facebook.com no implementada
[2022-07-09T17:56:54.894] [WARN] default - Ruta: /www.instagram.com - Metodo: GET - /www.instagram.com no implementada
[2022-07-09T17:56:54.897] [WARN] default - Ruta: /www.google.com - Metodo: GET - /www.google.com no implementada
[2022-07-09T17:57:03.176] [WARN] default - Ruta: /www.facebook.com - Metodo: GET - /www.facebook.com no implementada
[2022-07-09T17:57:03.179] [WARN] default - Ruta: /www.instagram.com - Metodo: GET - /www.instagram.com no implementada
[2022-07-09T17:57:03.180] [WARN] default - Ruta: /www.google.com - Metodo: GET - /www.google.com no implementada
[2022-07-09T18:06:59.729] [WARN] default - Ruta: /favicon.ico - Metodo: GET - /favicon.ico no implementada
[2022-07-09T18:07:04.987] [WARN] default - Ruta: /1 - Metodo: GET - /1 no implementada
[2022-07-09T18:07:04.994] [WARN] default - Ruta: /lkj; - Metodo: GET - /lkj; no implementada
[2022-07-09T18:07:05.455] [WARN] default - Ruta: /favicon.ico - Metodo: GET - /favicon.ico no implementada
[2022-07-09T18:07:17.948] [WARN] default - Ruta: /www.facebook.com - Metodo: GET - /www.facebook.com no implementada
[2022-07-09T18:07:17.950] [WARN] default - Ruta: /www.facebook.com - Metodo: GET - /www.facebook.com no implementada
[2022-07-09T18:07:22.305] [WARN] default - Ruta: /favicon.ico - Metodo: GET - /favicon.ico no implementada
[2022-07-09T18:07:26.556] [WARN] default - Ruta: /favicon.ico - Metodo: GET - /favicon.ico no implementada
[2022-07-09T18:07:26.911] [WARN] default - Ruta: /www.facebook.com - Metodo: GET - /www.facebook.com no implementada
[2022-07-09T18:07:26.914] [WARN] default - Ruta: /lkj; - Metodo: GET - /lkj; no implementada
[2022-07-09T18:07:26.923] [WARN] default - Ruta: /1 - Metodo: GET - /1 no implementada
[2022-07-09T18:07:55.964] [WARN] default - Ruta: /www.facebook.com - Metodo: GET - /www.facebook.com no implementada
[2022-07-09T18:07:55.965] [WARN] default - Ruta: /www.instagram.com - Metodo: GET - /www.instagram.com no implementada
[2022-07-09T18:07:55.967] [WARN] default - Ruta: /www.facebook.com - Metodo: GET - /www.facebook.com no implementada
[2022-07-09T18:07:55.970] [WARN] default - Ruta: /www.instagram.com - Metodo: GET - /www.instagram.com no implementada
[2022-07-09T18:07:55.971] [WARN] default - Ruta: /www.facebook.com - Metodo: GET - /www.facebook.com no implementada
[2022-07-09T18:07:55.974] [WARN] default - Ruta: /www.instagram.com - Metodo: GET - /www.instagram.com no implementada
[2022-07-09T18:08:14.013] [WARN] default - Ruta: /favicon.ico - Metodo: GET - /favicon.ico no implementada
[2022-07-09T18:08:18.099] [WARN] default - Ruta: /favicon.ico - Metodo: GET - /favicon.ico no implementada
[2022-07-09T18:08:18.445] [WARN] default - Ruta: /1 - Metodo: GET - /1 no implementada
[2022-07-09T18:08:18.446] [WARN] default - Ruta: /lkj; - Metodo: GET - /lkj; no implementada
[2022-07-09T18:08:18.449] [WARN] default - Ruta: /www.facebook.com - Metodo: GET - /www.facebook.com no implementada
[2022-07-09T18:08:19.316] [WARN] default - Ruta: /www.instagram.com - Metodo: GET - /www.instagram.com no implementada
[2022-07-09T18:08:26.801] [WARN] default - Ruta: /favicon.ico - Metodo: GET - /favicon.ico no implementada
[2022-07-09T18:08:27.144] [WARN] default - Ruta: /www.facebook.com - Metodo: GET - /www.facebook.com no implementada
[2022-07-09T18:08:27.146] [WARN] default - Ruta: /www.instagram.com - Metodo: GET - /www.instagram.com no implementada
[2022-07-09T18:08:27.147] [WARN] default - Ruta: /1 - Metodo: GET - /1 no implementada
[2022-07-09T18:08:27.156] [WARN] default - Ruta: /lkj; - Metodo: GET - /lkj; no implementada
[2022-07-09T18:11:28.381] [WARN] default - Ruta: /1 - Metodo: GET - /1 no implementada
[2022-07-09T18:11:28.384] [WARN] default - Ruta: /lkj; - Metodo: GET - /lkj; no implementada
[2022-07-09T18:11:30.528] [WARN] default - Ruta: /favicon.ico - Metodo: GET - /favicon.ico no implementada
[2022-07-09T18:11:35.631] [WARN] default - Ruta: /favicon.ico - Metodo: GET - /favicon.ico no implementada
[2022-07-09T18:11:36.799] [WARN] default - Ruta: /1 - Metodo: GET - /1 no implementada
[2022-07-09T18:11:36.802] [WARN] default - Ruta: /lkj; - Metodo: GET - /lkj; no implementada
[2022-07-09T18:11:43.910] [WARN] default - Ruta: /www.facebook.com - Metodo: GET - /www.facebook.com no implementada
[2022-07-09T18:11:44.089] [WARN] default - Ruta: /www.facebook.com - Metodo: GET - /www.facebook.com no implementada
[2022-07-09T18:13:27.715] [WARN] default - Ruta: /favicon.ico - Metodo: GET - /favicon.ico no implementada
[2022-07-09T18:13:32.365] [WARN] default - Ruta: /favicon.ico - Metodo: GET - /favicon.ico no implementada
[2022-07-09T18:13:33.524] [WARN] default - Ruta: /1 - Metodo: GET - /1 no implementada
[2022-07-09T18:13:33.531] [WARN] default - Ruta: /lkj; - Metodo: GET - /lkj; no implementada
[2022-07-09T18:13:41.001] [WARN] default - Ruta: /www.facebook.com - Metodo: GET - /www.facebook.com no implementada
[2022-07-09T18:13:58.790] [WARN] default - Ruta: /favicon.ico - Metodo: GET - /favicon.ico no implementada
[2022-07-09T18:14:02.481] [WARN] default - Ruta: /favicon.ico - Metodo: GET - /favicon.ico no implementada
[2022-07-09T18:14:02.820] [WARN] default - Ruta: /www.facebook.com - Metodo: GET - /www.facebook.com no implementada
[2022-07-09T18:14:02.823] [WARN] default - Ruta: /lkj; - Metodo: GET - /lkj; no implementada
[2022-07-09T18:14:02.827] [WARN] default - Ruta: /1 - Metodo: GET - /1 no implementada
[2022-07-09T18:14:13.001] [WARN] default - Ruta: /www.facebook.com - Metodo: GET - /www.facebook.com no implementada
[2022-07-09T18:14:13.002] [WARN] default - Ruta: /www.twitter.com - Metodo: GET - /www.twitter.com no implementada
[2022-07-09T18:14:13.004] [WARN] default - Ruta: /www.facebook.com - Metodo: GET - /www.facebook.com no implementada
[2022-07-09T18:14:13.005] [WARN] default - Ruta: /www.twitter.com - Metodo: GET - /www.twitter.com no implementada
[2022-07-09T18:18:44.915] [WARN] default - Ruta: /favicon.ico - Metodo: GET - /favicon.ico no implementada
[2022-07-09T18:18:49.679] [WARN] default - Ruta: /favicon.ico - Metodo: GET - /favicon.ico no implementada
[2022-07-09T18:18:50.045] [WARN] default - Ruta: /www.twitter.com - Metodo: GET - /www.twitter.com no implementada
[2022-07-09T18:18:50.053] [WARN] default - Ruta: /www.facebook.com - Metodo: GET - /www.facebook.com no implementada
[2022-07-09T18:18:50.786] [WARN] default - Ruta: /1 - Metodo: GET - /1 no implementada
[2022-07-09T18:18:50.794] [WARN] default - Ruta: /lkj; - Metodo: GET - /lkj; no implementada
[2022-07-09T18:18:53.987] [WARN] default - Ruta: /favicon.ico - Metodo: GET - /favicon.ico no implementada
[2022-07-09T18:57:01.874] [WARN] default - Ruta: /favicon.ico - Metodo: GET - /favicon.ico no implementada
[2022-07-09T18:57:04.838] [WARN] default - Ruta: /favicon.ico - Metodo: GET - /favicon.ico no implementada
[2022-07-09T18:57:24.832] [WARN] default - Ruta: /favicon.ico - Metodo: GET - /favicon.ico no implementada
[2022-07-09T18:57:32.830] [WARN] default - Ruta: /favicon.ico - Metodo: GET - /favicon.ico no implementada
[2022-07-09T18:57:34.184] [WARN] default - Ruta: /1 - Metodo: GET - /1 no implementada
[2022-07-09T18:57:34.189] [WARN] default - Ruta: /lkj; - Metodo: GET - /lkj; no implementada
[2022-07-09T18:57:35.010] [WARN] default - Ruta: /www.twitter.com - Metodo: GET - /www.twitter.com no implementada
[2022-07-09T18:57:35.015] [WARN] default - Ruta: /www.facebook.com - Metodo: GET - /www.facebook.com no implementada
[2022-07-09T18:57:37.447] [WARN] default - Ruta: /favicon.ico - Metodo: GET - /favicon.ico no implementada
[2022-07-09T18:57:41.561] [WARN] default - Ruta: /favicon.ico - Metodo: GET - /favicon.ico no implementada
[2022-07-09T18:57:42.062] [WARN] default - Ruta: /www.twitter.com - Metodo: GET - /www.twitter.com no implementada
[2022-07-09T18:57:42.064] [WARN] default - Ruta: /www.facebook.com - Metodo: GET - /www.facebook.com no implementada
[2022-07-09T18:57:42.066] [WARN] default - Ruta: /1 - Metodo: GET - /1 no implementada
[2022-07-09T18:57:42.888] [WARN] default - Ruta: /lkj; - Metodo: GET - /lkj; no implementada
[2022-07-24T16:04:04.180] [WARN] default - Ruta: /favicon.ico - Metodo: GET - /favicon.ico no implementada
[2022-07-24T16:04:22.442] [WARN] default - Ruta: /www.facebook.com - Metodo: GET - /www.facebook.com no implementada
[2022-07-24T16:04:22.600] [WARN] default - Ruta: /favicon.ico - Metodo: GET - /favicon.ico no implementada
[2022-07-24T16:04:23.771] [WARN] default - Ruta: /lkj; - Metodo: GET - /lkj; no implementada
[2022-07-24T16:04:24.447] [WARN] default - Ruta: /www.facebook.com - Metodo: GET - /www.facebook.com no implementada
[2022-07-24T16:04:24.454] [WARN] default - Ruta: /www.twitter.com - Metodo: GET - /www.twitter.com no implementada
[2022-07-24T16:04:31.826] [WARN] default - Ruta: /favicon.ico - Metodo: GET - /favicon.ico no implementada
[2022-07-24T16:32:51.237] [WARN] default - Ruta: /favicon.ico - Metodo: GET - /favicon.ico no implementada
[2022-07-24T16:32:57.607] [WARN] default - Ruta: /favicon.ico - Metodo: GET - /favicon.ico no implementada
[2022-07-24T16:32:59.185] [WARN] default - Ruta: /www.twitter.com - Metodo: GET - /www.twitter.com no implementada
[2022-07-24T16:33:00.033] [WARN] default - Ruta: /lkj; - Metodo: GET - /lkj; no implementada
[2022-07-24T16:33:00.048] [WARN] default - Ruta: /www.facebook.com - Metodo: GET - /www.facebook.com no implementada
[2022-07-24T16:33:13.126] [WARN] default - Ruta: /www.facebook.com - Metodo: GET - /www.facebook.com no implementada
[2022-07-24T16:33:13.130] [WARN] default - Ruta: /nanana - Metodo: GET - /nanana no implementada
[2022-07-24T16:33:13.132] [WARN] default - Ruta: /www.twitter.com - Metodo: GET - /www.twitter.com no implementada
[2022-07-24T16:33:17.738] [WARN] default - Ruta: /favicon.ico - Metodo: GET - /favicon.ico no implementada
[2022-07-24T16:33:25.366] [WARN] default - Ruta: /favicon.ico - Metodo: GET - /favicon.ico no implementada
[2022-07-24T16:33:25.883] [WARN] default - Ruta: /www.facebook.com - Metodo: GET - /www.facebook.com no implementada
[2022-07-24T16:33:25.893] [WARN] default - Ruta: /www.twitter.com - Metodo: GET - /www.twitter.com no implementada
[2022-07-24T16:33:25.901] [WARN] default - Ruta: /nanana - Metodo: GET - /nanana no implementada
[2022-07-24T16:33:26.777] [WARN] default - Ruta: /lkj; - Metodo: GET - /lkj; no implementada
[2022-07-24T16:33:39.927] [WARN] default - Ruta: /1 - Metodo: GET - /1 no implementada
[2022-07-24T16:33:39.929] [WARN] default - Ruta: /lkj; - Metodo: GET - /lkj; no implementada
[2022-07-24T16:44:57.586] [WARN] default - Ruta: /favicon.ico - Metodo: GET - /favicon.ico no implementada
[2022-07-24T16:45:03.722] [WARN] default - Ruta: /favicon.ico - Metodo: GET - /favicon.ico no implementada
[2022-07-24T16:45:05.242] [WARN] default - Ruta: /www.facebook.com - Metodo: GET - /www.facebook.com no implementada
[2022-07-24T16:45:05.708] [WARN] default - Ruta: /nanana - Metodo: GET - /nanana no implementada
[2022-07-24T16:45:06.172] [WARN] default - Ruta: /1 - Metodo: GET - /1 no implementada
[2022-07-24T16:45:06.197] [WARN] default - Ruta: /lkj; - Metodo: GET - /lkj; no implementada
[2022-07-24T16:45:06.324] [WARN] default - Ruta: /www.twitter.com - Metodo: GET - /www.twitter.com no implementada
[2022-07-24T16:45:26.183] [WARN] default - Ruta: /productos-test - Metodo: GET - /productos-test no implementada
[2022-07-24T16:45:26.355] [WARN] default - Ruta: /favicon.ico - Metodo: GET - /favicon.ico no implementada
[2022-07-24T16:45:51.248] [WARN] default - Ruta: /favicon.ico - Metodo: GET - /favicon.ico no implementada
[2022-07-24T16:46:03.241] [WARN] default - Ruta: /favicon.ico - Metodo: GET - /favicon.ico no implementada
[2022-07-24T16:46:08.865] [WARN] default - Ruta: /favicon.ico - Metodo: GET - /favicon.ico no implementada
[2022-07-24T16:46:10.699] [WARN] default - Ruta: /lkj; - Metodo: GET - /lkj; no implementada
[2022-07-24T16:46:11.442] [WARN] default - Ruta: /favicon.ico - Metodo: GET - /favicon.ico no implementada
[2022-07-24T16:46:12.184] [WARN] default - Ruta: /1 - Metodo: GET - /1 no implementada
[2022-07-24T16:52:03.633] [WARN] default - Ruta: /favicon.ico - Metodo: GET - /favicon.ico no implementada
[2022-07-24T16:52:04.490] [WARN] default - Ruta: /favicon.ico - Metodo: GET - /favicon.ico no implementada
[2022-07-24T16:52:10.443] [WARN] default - Ruta: /favicon.ico - Metodo: GET - /favicon.ico no implementada
[2022-07-24T16:53:33.629] [WARN] default - Ruta: /favicon.ico - Metodo: GET - /favicon.ico no implementada
[2022-07-24T16:53:35.300] [WARN] default - Ruta: /favicon.ico - Metodo: GET - /favicon.ico no implementada
[2022-07-24T16:53:41.967] [WARN] default - Ruta: /favicon.ico - Metodo: GET - /favicon.ico no implementada
[2022-07-24T16:54:11.175] [WARN] default - Ruta: /favicon.ico - Metodo: GET - /favicon.ico no implementada
[2022-07-24T16:54:17.731] [WARN] default - Ruta: /favicon.ico - Metodo: GET - /favicon.ico no implementada
[2022-07-24T16:54:34.540] [WARN] default - Ruta: /favicon.ico - Metodo: GET - /favicon.ico no implementada
[2022-07-24T16:54:40.699] [WARN] default - Ruta: /www.facebook.com - Metodo: GET - /www.facebook.com no implementada
[2022-07-24T16:54:41.529] [WARN] default - Ruta: /lkj; - Metodo: GET - /lkj; no implementada
[2022-07-24T16:54:41.681] [WARN] default - Ruta: /1 - Metodo: GET - /1 no implementada
[2022-07-24T16:54:41.688] [WARN] default - Ruta: /favicon.ico - Metodo: GET - /favicon.ico no implementada
[2022-07-24T16:54:41.691] [WARN] default - Ruta: /nanana - Metodo: GET - /nanana no implementada
[2022-07-24T16:54:42.743] [WARN] default - Ruta: /www.twitter.com - Metodo: GET - /www.twitter.com no implementada
[2022-07-31T14:17:03.452] [WARN] default - Ruta: /socket.io/socket.io.js - Metodo: GET - /socket.io/socket.io.js no implementada
[2022-07-31T14:17:03.645] [WARN] default - Ruta: /favicon.ico - Metodo: GET - /favicon.ico no implementada
[2022-07-31T14:17:25.289] [WARN] default - Ruta: /socket.io/socket.io.js - Metodo: GET - /socket.io/socket.io.js no implementada
[2022-07-31T14:17:25.889] [WARN] default - Ruta: /favicon.ico - Metodo: GET - /favicon.ico no implementada
[2022-07-31T14:18:24.498] [WARN] default - Ruta: /socket.io/socket.io.js - Metodo: GET - /socket.io/socket.io.js no implementada
[2022-07-31T14:18:24.676] [WARN] default - Ruta: /favicon.ico - Metodo: GET - /favicon.ico no implementada
[2022-07-31T14:18:31.359] [WARN] default - Ruta: /socket.io/socket.io.js - Metodo: GET - /socket.io/socket.io.js no implementada
[2022-07-31T14:18:32.843] [WARN] default - Ruta: /favicon.ico - Metodo: GET - /favicon.ico no implementada
[2022-07-31T14:23:51.616] [WARN] default - Ruta: /www.facebook.com - Metodo: GET - /www.facebook.com no implementada
[2022-07-31T14:23:51.620] [WARN] default - Ruta: /www.twitter.com - Metodo: GET - /www.twitter.com no implementada
[2022-07-31T14:23:51.622] [WARN] default - Ruta: /nanana - Metodo: GET - /nanana no implementada
[2022-07-31T14:23:51.627] [WARN] default - Ruta: /1 - Metodo: GET - /1 no implementada
[2022-07-31T14:23:51.632] [WARN] default - Ruta: /lkj; - Metodo: GET - /lkj; no implementada
[2022-07-31T14:23:55.641] [WARN] default - Ruta: /favicon.ico - Metodo: GET - /favicon.ico no implementada
[2022-07-31T14:24:05.392] [WARN] default - Ruta: /www.facebook.com - Metodo: GET - /www.facebook.com no implementada
[2022-07-31T14:24:05.696] [WARN] default - Ruta: /favicon.ico - Metodo: GET - /favicon.ico no implementada
[2022-07-31T14:24:06.201] [WARN] default - Ruta: /1 - Metodo: GET - /1 no implementada
[2022-07-31T14:24:06.203] [WARN] default - Ruta: /lkj; - Metodo: GET - /lkj; no implementada
[2022-07-31T14:24:06.211] [WARN] default - Ruta: /www.twitter.com - Metodo: GET - /www.twitter.com no implementada
[2022-07-31T14:24:07.052] [WARN] default - Ruta: /nanana - Metodo: GET - /nanana no implementada
[2022-07-31T14:24:41.778] [WARN] default - Ruta: /www.facebook.com - Metodo: GET - /www.facebook.com no implementada
[2022-07-31T14:24:41.780] [WARN] default - Ruta: /lala - Metodo: GET - /lala no implementada
[2022-07-31T14:24:41.782] [WARN] default - Ruta: /www.twitter.com - Metodo: GET - /www.twitter.com no implementada
[2022-07-31T14:24:41.784] [WARN] default - Ruta: /nanana - Metodo: GET - /nanana no implementada
[2022-07-31T14:24:50.963] [WARN] default - Ruta: /favicon.ico - Metodo: GET - /favicon.ico no implementada
[2022-07-31T14:24:59.000] [WARN] default - Ruta: /favicon.ico - Metodo: GET - /favicon.ico no implementada
[2022-07-31T14:25:00.370] [WARN] default - Ruta: /favicon.ico - Metodo: GET - /favicon.ico no implementada
[2022-07-31T14:25:03.531] [WARN] default - Ruta: /favicon.ico - Metodo: GET - /favicon.ico no implementada
[2022-07-31T14:25:04.906] [WARN] default - Ruta: /favicon.ico - Metodo: GET - /favicon.ico no implementada
[2022-07-31T14:25:09.520] [WARN] default - Ruta: /favicon.ico - Metodo: GET - /favicon.ico no implementada
[2022-07-31T14:25:10.049] [WARN] default - Ruta: /www.twitter.com - Metodo: GET - /www.twitter.com no implementada
[2022-07-31T14:25:10.056] [WARN] default - Ruta: /www.facebook.com - Metodo: GET - /www.facebook.com no implementada
[2022-07-31T14:25:10.059] [WARN] default - Ruta: /nanana - Metodo: GET - /nanana no implementada
[2022-07-31T14:25:10.061] [WARN] default - Ruta: /lala - Metodo: GET - /lala no implementada
[2022-07-31T14:25:10.915] [WARN] default - Ruta: /1 - Metodo: GET - /1 no implementada
[2022-07-31T14:25:10.933] [WARN] default - Ruta: /lkj; - Metodo: GET - /lkj; no implementada
[2022-07-31T14:30:11.133] [WARN] default - Ruta: /favicon.ico - Metodo: GET - /favicon.ico no implementada
[2022-07-31T14:30:17.451] [WARN] default - Ruta: /favicon.ico - Metodo: GET - /favicon.ico no implementada
[2022-07-31T14:30:18.867] [WARN] default - Ruta: /1 - Metodo: GET - /1 no implementada
[2022-07-31T14:30:18.871] [WARN] default - Ruta: /lkj; - Metodo: GET - /lkj; no implementada
[2022-07-31T14:33:02.311] [WARN] default - Ruta: /www.facebook.com - Metodo: GET - /www.facebook.com no implementada
[2022-07-31T14:33:02.316] [WARN] default - Ruta: /www.twitter.com - Metodo: GET - /www.twitter.com no implementada
[2022-07-31T14:33:02.317] [WARN] default - Ruta: /nanana - Metodo: GET - /nanana no implementada
[2022-07-31T14:33:02.318] [WARN] default - Ruta: /lala - Metodo: GET - /lala no implementada
[2022-07-31T14:33:02.325] [WARN] default - Ruta: /1 - Metodo: GET - /1 no implementada
[2022-07-31T14:33:02.327] [WARN] default - Ruta: /lkj; - Metodo: GET - /lkj; no implementada
[2022-07-31T14:36:29.457] [WARN] default - Ruta: /favicon.ico - Metodo: GET - /favicon.ico no implementada
[2022-07-31T14:36:36.571] [WARN] default - Ruta: /favicon.ico - Metodo: GET - /favicon.ico no implementada
[2022-07-31T14:36:38.189] [WARN] default - Ruta: /lkj; - Metodo: GET - /lkj; no implementada
[2022-07-31T14:36:38.195] [WARN] default - Ruta: /1 - Metodo: GET - /1 no implementada
[2022-07-31T14:36:39.020] [WARN] default - Ruta: /nanana - Metodo: GET - /nanana no implementada
[2022-07-31T14:36:39.030] [WARN] default - Ruta: /www.facebook.com - Metodo: GET - /www.facebook.com no implementada
[2022-07-31T14:36:39.039] [WARN] default - Ruta: /www.twitter.com - Metodo: GET - /www.twitter.com no implementada
[2022-07-31T14:36:39.172] [WARN] default - Ruta: /lala - Metodo: GET - /lala no implementada
[2022-07-31T14:38:23.765] [WARN] default - Ruta: /www.facebook.com - Metodo: GET - /www.facebook.com no implementada
[2022-07-31T14:38:23.770] [WARN] default - Ruta: /www.twitter.com - Metodo: GET - /www.twitter.com no implementada
[2022-07-31T14:38:23.771] [WARN] default - Ruta: /nanana - Metodo: GET - /nanana no implementada
[2022-07-31T14:38:23.772] [WARN] default - Ruta: /lala - Metodo: GET - /lala no implementada
[2022-07-31T14:38:23.775] [WARN] default - Ruta: /1 - Metodo: GET - /1 no implementada
[2022-07-31T14:38:23.776] [WARN] default - Ruta: /lkj; - Metodo: GET - /lkj; no implementada
[2022-07-31T14:39:28.094] [WARN] default - Ruta: /www.facebook.com - Metodo: GET - /www.facebook.com no implementada
[2022-07-31T14:39:28.099] [WARN] default - Ruta: /www.twitter.com - Metodo: GET - /www.twitter.com no implementada
[2022-07-31T14:39:28.103] [WARN] default - Ruta: /nanana - Metodo: GET - /nanana no implementada
[2022-07-31T14:39:28.106] [WARN] default - Ruta: /lala - Metodo: GET - /lala no implementada
[2022-07-31T14:39:28.110] [WARN] default - Ruta: /1 - Metodo: GET - /1 no implementada
[2022-07-31T14:39:28.111] [WARN] default - Ruta: /lkj; - Metodo: GET - /lkj; no implementada
[2022-07-31T14:41:42.656] [WARN] default - Ruta: /www.facebook.com - Metodo: GET - /www.facebook.com no implementada
[2022-07-31T14:41:42.659] [WARN] default - Ruta: /www.twitter.com - Metodo: GET - /www.twitter.com no implementada
[2022-07-31T14:41:42.660] [WARN] default - Ruta: /nanana - Metodo: GET - /nanana no implementada
[2022-07-31T14:41:42.662] [WARN] default - Ruta: /lala - Metodo: GET - /lala no implementada
[2022-07-31T14:41:42.665] [WARN] default - Ruta: /1 - Metodo: GET - /1 no implementada
[2022-07-31T14:41:42.665] [WARN] default - Ruta: /lkj; - Metodo: GET - /lkj; no implementada
[2022-07-31T14:41:53.687] [WARN] default - Ruta: /www.facebook.com - Metodo: GET - /www.facebook.com no implementada
[2022-07-31T14:41:53.691] [WARN] default - Ruta: /www.twitter.com - Metodo: GET - /www.twitter.com no implementada
[2022-07-31T14:41:53.695] [WARN] default - Ruta: /nanana - Metodo: GET - /nanana no implementada
[2022-07-31T14:41:53.696] [WARN] default - Ruta: /lala - Metodo: GET - /lala no implementada
[2022-07-31T14:41:53.698] [WARN] default - Ruta: /lkj; - Metodo: GET - /lkj; no implementada
[2022-07-31T14:41:53.699] [WARN] default - Ruta: /1 - Metodo: GET - /1 no implementada
[2022-07-31T14:44:21.470] [WARN] default - Ruta: /www.facebook.com - Metodo: GET - /www.facebook.com no implementada
[2022-07-31T14:44:21.475] [WARN] default - Ruta: /www.twitter.com - Metodo: GET - /www.twitter.com no implementada
[2022-07-31T14:44:21.479] [WARN] default - Ruta: /nanana - Metodo: GET - /nanana no implementada
[2022-07-31T14:44:21.480] [WARN] default - Ruta: /lala - Metodo: GET - /lala no implementada
[2022-07-31T14:44:21.484] [WARN] default - Ruta: /1 - Metodo: GET - /1 no implementada
[2022-07-31T14:44:21.485] [WARN] default - Ruta: /lkj; - Metodo: GET - /lkj; no implementada
[2022-07-31T14:46:56.834] [WARN] default - Ruta: /www.facebook.com - Metodo: GET - /www.facebook.com no implementada
[2022-07-31T14:46:56.838] [WARN] default - Ruta: /www.twitter.com - Metodo: GET - /www.twitter.com no implementada
[2022-07-31T14:46:56.839] [WARN] default - Ruta: /nanana - Metodo: GET - /nanana no implementada
[2022-07-31T14:46:56.841] [WARN] default - Ruta: /lala - Metodo: GET - /lala no implementada
[2022-07-31T14:46:56.845] [WARN] default - Ruta: /lkj; - Metodo: GET - /lkj; no implementada
[2022-07-31T14:46:56.846] [WARN] default - Ruta: /1 - Metodo: GET - /1 no implementada
[2022-07-31T14:47:07.045] [WARN] default - Ruta: /www.facebook.com - Metodo: GET - /www.facebook.com no implementada
[2022-07-31T14:47:07.049] [WARN] default - Ruta: /www.twitter.com - Metodo: GET - /www.twitter.com no implementada
[2022-07-31T14:47:07.050] [WARN] default - Ruta: /nanana - Metodo: GET - /nanana no implementada
[2022-07-31T14:47:07.052] [WARN] default - Ruta: /lala - Metodo: GET - /lala no implementada
[2022-07-31T14:47:07.055] [WARN] default - Ruta: /1 - Metodo: GET - /1 no implementada
[2022-07-31T14:47:07.056] [WARN] default - Ruta: /lkj; - Metodo: GET - /lkj; no implementada
[2022-07-31T14:47:15.530] [WARN] default - Ruta: /www.facebook.com - Metodo: GET - /www.facebook.com no implementada
[2022-07-31T14:47:15.534] [WARN] default - Ruta: /www.twitter.com - Metodo: GET - /www.twitter.com no implementada
[2022-07-31T14:47:15.534] [WARN] default - Ruta: /nanana - Metodo: GET - /nanana no implementada
[2022-07-31T14:47:15.535] [WARN] default - Ruta: /lala - Metodo: GET - /lala no implementada
[2022-07-31T14:47:15.537] [WARN] default - Ruta: /1 - Metodo: GET - /1 no implementada
[2022-07-31T14:47:23.346] [WARN] default - Ruta: /favicon.ico - Metodo: GET - /favicon.ico no implementada
[2022-07-31T14:47:30.925] [WARN] default - Ruta: /favicon.ico - Metodo: GET - /favicon.ico no implementada
[2022-07-31T14:47:32.406] [WARN] default - Ruta: /www.facebook.com - Metodo: GET - /www.facebook.com no implementada
[2022-07-31T14:47:32.408] [WARN] default - Ruta: /www.twitter.com - Metodo: GET - /www.twitter.com no implementada
[2022-07-31T14:47:33.649] [WARN] default - Ruta: /nanana - Metodo: GET - /nanana no implementada
[2022-07-31T14:47:33.657] [WARN] default - Ruta: /1 - Metodo: GET - /1 no implementada
[2022-07-31T14:47:33.661] [WARN] default - Ruta: /lkj; - Metodo: GET - /lkj; no implementada
[2022-07-31T14:47:33.739] [WARN] default - Ruta: /lala - Metodo: GET - /lala no implementada
[2022-07-31T14:48:10.192] [WARN] default - Ruta: /www.facebook.com - Metodo: GET - /www.facebook.com no implementada
[2022-07-31T14:48:10.197] [WARN] default - Ruta: /www.twitter.com - Metodo: GET - /www.twitter.com no implementada
[2022-07-31T14:48:10.201] [WARN] default - Ruta: /nanana - Metodo: GET - /nanana no implementada
[2022-07-31T14:48:10.201] [WARN] default - Ruta: /lala - Metodo: GET - /lala no implementada
[2022-07-31T14:48:10.204] [WARN] default - Ruta: /lkj; - Metodo: GET - /lkj; no implementada
[2022-07-31T14:48:10.206] [WARN] default - Ruta: /1 - Metodo: GET - /1 no implementada
[2022-07-31T14:49:20.485] [WARN] default - Ruta: /www.facebook.com - Metodo: GET - /www.facebook.com no implementada
[2022-07-31T14:49:20.488] [WARN] default - Ruta: /www.twitter.com - Metodo: GET - /www.twitter.com no implementada
[2022-07-31T14:49:20.489] [WARN] default - Ruta: /nanana - Metodo: GET - /nanana no implementada
[2022-07-31T14:49:20.494] [WARN] default - Ruta: /lala - Metodo: GET - /lala no implementada
[2022-07-31T14:49:20.496] [WARN] default - Ruta: /1 - Metodo: GET - /1 no implementada
[2022-07-31T14:49:20.500] [WARN] default - Ruta: /lkj; - Metodo: GET - /lkj; no implementada
[2022-07-31T14:59:39.264] [WARN] default - Ruta: /www.facebook.com - Metodo: GET - /www.facebook.com no implementada
[2022-07-31T14:59:39.270] [WARN] default - Ruta: /www.twitter.com - Metodo: GET - /www.twitter.com no implementada
[2022-07-31T14:59:39.272] [WARN] default - Ruta: /nanana - Metodo: GET - /nanana no implementada
[2022-07-31T14:59:39.277] [WARN] default - Ruta: /lala - Metodo: GET - /lala no implementada
[2022-07-31T14:59:39.280] [WARN] default - Ruta: /1 - Metodo: GET - /1 no implementada
[2022-07-31T14:59:39.282] [WARN] default - Ruta: /lkj; - Metodo: GET - /lkj; no implementada
[2022-07-31T14:59:43.314] [WARN] default - Ruta: /favicon.ico - Metodo: GET - /favicon.ico no implementada
[2022-07-31T14:59:51.415] [WARN] default - Ruta: /www.twitter.com - Metodo: GET - /www.twitter.com no implementada
[2022-07-31T14:59:51.572] [WARN] default - Ruta: /lala - Metodo: GET - /lala no implementada
[2022-07-31T14:59:51.758] [WARN] default - Ruta: /favicon.ico - Metodo: GET - /favicon.ico no implementada
[2022-07-31T14:59:51.903] [WARN] default - Ruta: /1 - Metodo: GET - /1 no implementada
[2022-07-31T14:59:52.234] [WARN] default - Ruta: /lkj; - Metodo: GET - /lkj; no implementada
[2022-07-31T14:59:52.247] [WARN] default - Ruta: /www.facebook.com - Metodo: GET - /www.facebook.com no implementada
[2022-07-31T14:59:52.254] [WARN] default - Ruta: /nanana - Metodo: GET - /nanana no implementada
[2022-07-31T15:00:52.368] [WARN] default - Ruta: /www.facebook.com - Metodo: GET - /www.facebook.com no implementada
[2022-07-31T15:00:52.371] [WARN] default - Ruta: /www.twitter.com - Metodo: GET - /www.twitter.com no implementada
[2022-07-31T15:00:52.374] [WARN] default - Ruta: /nanana - Metodo: GET - /nanana no implementada
[2022-07-31T15:00:52.376] [WARN] default - Ruta: /lala - Metodo: GET - /lala no implementada
[2022-07-31T15:00:52.381] [WARN] default - Ruta: /1 - Metodo: GET - /1 no implementada
[2022-07-31T15:00:52.384] [WARN] default - Ruta: /lkj; - Metodo: GET - /lkj; no implementada
[2022-07-31T15:01:28.887] [WARN] default - Ruta: /www.facebook.com - Metodo: GET - /www.facebook.com no implementada
[2022-07-31T15:01:28.891] [WARN] default - Ruta: /www.twitter.com - Metodo: GET - /www.twitter.com no implementada
[2022-07-31T15:01:28.897] [WARN] default - Ruta: /nanana - Metodo: GET - /nanana no implementada
[2022-07-31T15:01:28.898] [WARN] default - Ruta: /lala - Metodo: GET - /lala no implementada
[2022-07-31T15:01:28.904] [WARN] default - Ruta: /1 - Metodo: GET - /1 no implementada
[2022-07-31T15:01:28.907] [WARN] default - Ruta: /lkj; - Metodo: GET - /lkj; no implementada
[2022-07-31T15:02:23.752] [WARN] default - Ruta: /www.facebook.com - Metodo: GET - /www.facebook.com no implementada
[2022-07-31T15:02:23.755] [WARN] default - Ruta: /www.twitter.com - Metodo: GET - /www.twitter.com no implementada
[2022-07-31T15:02:23.758] [WARN] default - Ruta: /nanana - Metodo: GET - /nanana no implementada
[2022-07-31T15:02:23.761] [WARN] default - Ruta: /lala - Metodo: GET - /lala no implementada
[2022-07-31T15:02:23.766] [WARN] default - Ruta: /1 - Metodo: GET - /1 no implementada
[2022-07-31T15:02:23.768] [WARN] default - Ruta: /lkj; - Metodo: GET - /lkj; no implementada
[2022-07-31T15:05:21.121] [WARN] default - Ruta: /www.facebook.com - Metodo: GET - /www.facebook.com no implementada
[2022-07-31T15:05:21.126] [WARN] default - Ruta: /www.twitter.com - Metodo: GET - /www.twitter.com no implementada
[2022-07-31T15:05:21.128] [WARN] default - Ruta: /nanana - Metodo: GET - /nanana no implementada
[2022-07-31T15:05:21.130] [WARN] default - Ruta: /lala - Metodo: GET - /lala no implementada
[2022-07-31T15:05:21.133] [WARN] default - Ruta: /1 - Metodo: GET - /1 no implementada
[2022-07-31T15:05:21.136] [WARN] default - Ruta: /lkj; - Metodo: GET - /lkj; no implementada
[2022-07-31T15:09:25.464] [WARN] default - Ruta: /www.facebook.com - Metodo: GET - /www.facebook.com no implementada
[2022-07-31T15:09:25.467] [WARN] default - Ruta: /www.twitter.com - Metodo: GET - /www.twitter.com no implementada
[2022-07-31T15:09:25.468] [WARN] default - Ruta: /nanana - Metodo: GET - /nanana no implementada
[2022-07-31T15:09:25.474] [WARN] default - Ruta: /lala - Metodo: GET - /lala no implementada
[2022-07-31T15:09:25.476] [WARN] default - Ruta: /1 - Metodo: GET - /1 no implementada
[2022-07-31T15:09:25.480] [WARN] default - Ruta: /lkj; - Metodo: GET - /lkj; no implementada
[2022-07-31T15:09:56.635] [WARN] default - Ruta: /www.facebook.com - Metodo: GET - /www.facebook.com no implementada
[2022-07-31T15:09:56.639] [WARN] default - Ruta: /nanana - Metodo: GET - /nanana no implementada
[2022-07-31T15:09:56.640] [WARN] default - Ruta: /www.twitter.com - Metodo: GET - /www.twitter.com no implementada
[2022-07-31T15:09:56.643] [WARN] default - Ruta: /lala - Metodo: GET - /lala no implementada
[2022-07-31T15:09:56.646] [WARN] default - Ruta: /1 - Metodo: GET - /1 no implementada
[2022-07-31T15:09:56.651] [WARN] default - Ruta: /lkj; - Metodo: GET - /lkj; no implementada
[2022-07-31T15:09:58.175] [WARN] default - Ruta: /favicon.ico - Metodo: GET - /favicon.ico no implementada
[2022-07-31T15:10:04.522] [WARN] default - Ruta: /www.facebook.com - Metodo: GET - /www.facebook.com no implementada
[2022-07-31T15:10:04.700] [WARN] default - Ruta: /lala - Metodo: GET - /lala no implementada
[2022-07-31T15:10:05.038] [WARN] default - Ruta: /1 - Metodo: GET - /1 no implementada
[2022-07-31T15:10:05.352] [WARN] default - Ruta: /nanana - Metodo: GET - /nanana no implementada
[2022-07-31T15:10:05.354] [WARN] default - Ruta: /www.twitter.com - Metodo: GET - /www.twitter.com no implementada
[2022-07-31T15:10:05.364] [WARN] default - Ruta: /lkj; - Metodo: GET - /lkj; no implementada
[2022-07-31T15:10:05.677] [WARN] default - Ruta: /favicon.ico - Metodo: GET - /favicon.ico no implementada
[2022-07-31T15:10:31.856] [ERROR] default - Error en servidor Error: listen EADDRINUSE: address already in use :::8080
[2022-07-31T15:10:31.944] [WARN] default - Ruta: /www.facebook.com - Metodo: GET - /www.facebook.com no implementada
[2022-07-31T15:10:31.949] [WARN] default - Ruta: /www.twitter.com - Metodo: GET - /www.twitter.com no implementada
[2022-07-31T15:10:31.953] [WARN] default - Ruta: /nanana - Metodo: GET - /nanana no implementada
[2022-07-31T15:10:31.962] [WARN] default - Ruta: /lkj; - Metodo: GET - /lkj; no implementada
[2022-07-31T15:10:31.964] [WARN] default - Ruta: /lala - Metodo: GET - /lala no implementada
[2022-07-31T15:10:31.968] [WARN] default - Ruta: /1 - Metodo: GET - /1 no implementada
[2022-07-31T15:10:32.569] [WARN] default - Ruta: /1 - Metodo: GET - /1 no implementada
[2022-07-31T15:10:32.571] [WARN] default - Ruta: /lkj; - Metodo: GET - /lkj; no implementada
[2022-07-31T15:11:23.732] [WARN] default - Ruta: /favicon.ico - Metodo: GET - /favicon.ico no implementada
[2022-07-31T15:11:29.295] [WARN] default - Ruta: /favicon.ico - Metodo: GET - /favicon.ico no implementada
[2022-07-31T15:11:30.652] [WARN] default - Ruta: /www.facebook.com - Metodo: GET - /www.facebook.com no implementada
[2022-07-31T15:11:30.662] [WARN] default - Ruta: /1 - Metodo: GET - /1 no implementada
[2022-07-31T15:11:31.729] [WARN] default - Ruta: /nanana - Metodo: GET - /nanana no implementada
[2022-07-31T15:11:31.731] [WARN] default - Ruta: /www.twitter.com - Metodo: GET - /www.twitter.com no implementada
[2022-07-31T15:11:31.733] [WARN] default - Ruta: /lkj; - Metodo: GET - /lkj; no implementada
[2022-07-31T15:11:31.912] [WARN] default - Ruta: /lala - Metodo: GET - /lala no implementada
[2022-07-31T15:11:35.390] [WARN] default - Ruta: /favicon.ico - Metodo: GET - /favicon.ico no implementada
[2022-07-31T15:11:35.889] [WARN] default - Ruta: /lkj; - Metodo: GET - /lkj; no implementada
[2022-07-31T15:11:35.895] [WARN] default - Ruta: /www.twitter.com - Metodo: GET - /www.twitter.com no implementada
[2022-07-31T15:11:35.901] [WARN] default - Ruta: /1 - Metodo: GET - /1 no implementada
[2022-07-31T15:11:35.903] [WARN] default - Ruta: /www.facebook.com - Metodo: GET - /www.facebook.com no implementada
[2022-07-31T15:11:36.725] [WARN] default - Ruta: /lala - Metodo: GET - /lala no implementada
[2022-07-31T15:11:36.734] [WARN] default - Ruta: /nanana - Metodo: GET - /nanana no implementada
[2022-07-31T15:12:20.313] [ERROR] default - Error en servidor Error: listen EADDRINUSE: address already in use :::8080
[2022-07-31T15:12:20.380] [WARN] default - Ruta: /www.facebook.com - Metodo: GET - /www.facebook.com no implementada
[2022-07-31T15:12:20.390] [WARN] default - Ruta: /www.twitter.com - Metodo: GET - /www.twitter.com no implementada
[2022-07-31T15:12:20.391] [WARN] default - Ruta: /nanana - Metodo: GET - /nanana no implementada
[2022-07-31T15:12:20.393] [WARN] default - Ruta: /lala - Metodo: GET - /lala no implementada
[2022-07-31T15:12:20.399] [WARN] default - Ruta: /1 - Metodo: GET - /1 no implementada
[2022-07-31T15:12:20.400] [WARN] default - Ruta: /lkj; - Metodo: GET - /lkj; no implementada
[2022-08-16T08:49:51.877] [WARN] default - Ruta: /favicon.ico - Metodo: GET - /favicon.ico no implementada
[2022-08-16T08:49:58.565] [WARN] default - Ruta: /favicon.ico - Metodo: GET - /favicon.ico no implementada
