[2022-07-02T19:19:59.463] [WARN] default - Ruta: /favicon.ico - Metodo: GET - /favicon.ico no implementada
[2022-07-02T19:20:04.675] [WARN] default - Ruta: /favicon.ico - Metodo: GET - /favicon.ico no implementada
[2022-07-02T19:20:05.035] [WARN] default - Ruta: /www.facebook.com - Metodo: GET - /www.facebook.com no implementada
[2022-07-02T19:20:05.047] [WARN] default - Ruta: /www.instagram.com - Metodo: GET - /www.instagram.com no implementada
[2022-07-02T19:20:05.856] [WARN] default - Ruta: /lkj; - Metodo: GET - /lkj; no implementada
[2022-07-02T19:20:05.859] [WARN] default - Ruta: /1 - Metodo: GET - /1 no implementada
[2022-07-02T19:20:07.058] [WARN] default - Ruta: /www.google.com - Metodo: GET - /www.google.com no implementada
[2022-07-02T19:24:25.296] [WARN] default - Ruta: /favicon.ico - Metodo: GET - /favicon.ico no implementada
[2022-07-02T19:24:30.656] [WARN] default - Ruta: /favicon.ico - Metodo: GET - /favicon.ico no implementada
[2022-07-02T19:24:31.020] [WARN] default - Ruta: /www.facebook.com - Metodo: GET - /www.facebook.com no implementada
[2022-07-02T19:24:31.026] [WARN] default - Ruta: /www.instagram.com - Metodo: GET - /www.instagram.com no implementada
[2022-07-02T19:24:31.840] [WARN] default - Ruta: /1 - Metodo: GET - /1 no implementada
[2022-07-02T19:24:31.850] [WARN] default - Ruta: /www.google.com - Metodo: GET - /www.google.com no implementada
[2022-07-02T19:24:31.852] [WARN] default - Ruta: /lkj; - Metodo: GET - /lkj; no implementada
[2022-07-02T19:24:34.387] [WARN] default - Ruta: /favicon.ico - Metodo: GET - /favicon.ico no implementada
[2022-07-02T19:25:20.499] [WARN] default - Ruta: /favicon.ico - Metodo: GET - /favicon.ico no implementada
[2022-07-02T19:26:22.995] [WARN] default - Ruta: /favicon.ico - Metodo: GET - /favicon.ico no implementada
[2022-07-02T19:26:32.374] [WARN] default - Ruta: /favicon.ico - Metodo: GET - /favicon.ico no implementada
[2022-07-02T19:26:37.731] [WARN] default - Ruta: /favicon.ico - Metodo: GET - /favicon.ico no implementada
[2022-07-02T19:26:38.086] [WARN] default - Ruta: /www.facebook.com - Metodo: GET - /www.facebook.com no implementada
[2022-07-02T19:26:38.090] [WARN] default - Ruta: /www.instagram.com - Metodo: GET - /www.instagram.com no implementada
[2022-07-02T19:26:38.890] [WARN] default - Ruta: /www.google.com - Metodo: GET - /www.google.com no implementada
[2022-07-02T19:26:38.898] [WARN] default - Ruta: /1 - Metodo: GET - /1 no implementada
[2022-07-02T19:26:38.900] [WARN] default - Ruta: /lkj; - Metodo: GET - /lkj; no implementada
[2022-07-02T19:26:42.263] [WARN] default - Ruta: /favicon.ico - Metodo: GET - /favicon.ico no implementada
[2022-07-02T19:26:52.552] [WARN] default - Ruta: /favicon.ico - Metodo: GET - /favicon.ico no implementada
